<?xml version="1.0" encoding="UTF-8"?>
<testng-results ignored="0" total="1" passed="1" failed="0" skipped="0">
  <reporter-output>
  </reporter-output>
  <suite started-at="2024-06-27T16:10:49 IST" name="Default suite" finished-at="2024-06-27T16:11:01 IST" duration-ms="11606">
    <groups>
    </groups>
    <test started-at="2024-06-27T16:10:49 IST" name="Default test" finished-at="2024-06-27T16:11:01 IST" duration-ms="11606">
      <class name="org.bayone.login.Test01">
        <test-method signature="launchBrowser()[pri:0, instance:org.bayone.login.Test01@53ce1329]" started-at="2024-06-27T16:10:49 IST" name="launchBrowser" finished-at="2024-06-27T16:11:01 IST" duration-ms="11582" status="PASS">
          <reporter-output>
          </reporter-output>
        </test-method> <!-- launchBrowser -->
      </class> <!-- org.bayone.login.Test01 -->
    </test> <!-- Default test -->
  </suite> <!-- Default suite -->
</testng-results>
